#
# There is insufficient memory for the Java Runtime Environment to continue.
# Native memory allocation (mmap) failed to map 199229440 bytes for Failed to commit area from 0x0000000743200000 to 0x000000074f000000 of length 199229440.
# Possible reasons:
#   The system is out of physical RAM or swap space
#   The process is running with CompressedOops enabled, and the Java Heap may be blocking the growth of the native heap
# Possible solutions:
#   Reduce memory load on the system
#   Increase physical memory or swap space
#   Check if swap backing store is full
#   Decrease Java heap size (-Xmx/-Xms)
#   Decrease number of Java threads
#   Decrease Java thread stack sizes (-Xss)
#   Set larger code cache with -XX:ReservedCodeCacheSize=
# This output file may be truncated or incomplete.
#
#  Out of Memory Error (./open/src/hotspot/os/windows/os_windows.cpp:3273), pid=1036, tid=14252
#
# JRE version:  (11.0.11+9) (build )
# Java VM: Java HotSpot(TM) 64-Bit Server VM (11.0.11+9-LTS-194, mixed mode, sharing, tiered, compressed oops, g1 gc, windows-amd64)
# No core dump will be written. Minidumps are not enabled by default on client versions of Windows
#

---------------  S U M M A R Y ------------

Command Line: C:\Users\Kolektor\AppData\Local\Temp\surefire16342119962143397496\surefirebooter17307133225275979879.jar C:\Users\Kolektor\AppData\Local\Temp\surefire16342119962143397496 2021-06-04T13-12-09_823-jvmRun1 surefire1199031412623754527tmp surefire_04922332002923180523tmp

Host: Intel(R) Core(TM) i5-1035G1 CPU @ 1.00GHz, 8 cores, 11G,  Windows 10 , 64 bit Build 18362 (10.0.18362.900)
Time: Fri Jun  4 13:12:15 2021 Hora estándar de Argentina elapsed time: 0.010245 seconds (0d 0h 0m 0s)

---------------  T H R E A D  ---------------

Current thread (0x000002604ff1a000):  JavaThread "Unknown thread" [_thread_in_vm, id=14252, stack(0x000000e6e1500000,0x000000e6e1600000)]

Stack: [0x000000e6e1500000,0x000000e6e1600000]
Native frames: (J=compiled Java code, j=interpreted, Vv=VM code, C=native code)
V  [jvm.dll+0x616f2a]
V  [jvm.dll+0x74de7f]
V  [jvm.dll+0x74f505]
V  [jvm.dll+0x74fb83]
V  [jvm.dll+0x2436d8]
V  [jvm.dll+0x61431a]
V  [jvm.dll+0x6090f5]
V  [jvm.dll+0x2f7eec]
V  [jvm.dll+0x2f7d72]
V  [jvm.dll+0x2fca26]
V  [jvm.dll+0x33efef]
V  [jvm.dll+0x33ea20]
V  [jvm.dll+0x2d5608]
V  [jvm.dll+0x2d6766]
V  [jvm.dll+0x7299e7]
V  [jvm.dll+0x72b28f]
V  [jvm.dll+0x34bd39]
V  [jvm.dll+0x70f360]
V  [jvm.dll+0x3b50df]
V  [jvm.dll+0x3b71e1]
C  [jli.dll+0x520b]
C  [ucrtbase.dll+0x20e82]
C  [KERNEL32.DLL+0x17bd4]
C  [ntdll.dll+0x6ce51]


---------------  P R O C E S S  ---------------

Threads class SMR info:
_java_thread_list=0x000002604de76e80, length=0, elements={
}

Java Threads: ( => current thread )

Other Threads:
  0x000002604ff2f000 GCTaskThread "GC Thread#0" [stack: 0x000000e6e1600000,0x000000e6e1700000] [id=9116]
  0x000002604ff74000 ConcurrentGCThread "G1 Main Marker" [stack: 0x000000e6e1700000,0x000000e6e1800000] [id=10480]
  0x000002604ff75000 ConcurrentGCThread "G1 Conc#0" [stack: 0x000000e6e1800000,0x000000e6e1900000] [id=11192]

[error occurred during error reporting (printing all threads), id 0xc0000005, EXCEPTION_ACCESS_VIOLATION (0xc0000005) at pc=0x00007ffc16574857]

VM state:not at safepoint (not fully initialized)

VM Mutex/Monitor currently owned by a thread:  ([mutex/lock_event])
[0x000002604ff15e20] Heap_lock - owner thread: 0x000002604ff1a000

Heap address: 0x0000000743200000, size: 3022 MB, Compressed Oops mode: Non-zero based: 0x0000000743200000
Narrow klass base: 0x0000000000000000, Narrow klass shift: 0

GC Heap History (0 events):
No events

Deoptimization events (0 events):
No events

Classes redefined (0 events):
No events

Internal exceptions (0 events):
No events

Events (0 events):
No events


Dynamic libraries:
0x00007ff6a6cc0000 - 0x00007ff6a6ccf000 	C:\Program Files\Java\jdk-11.0.11\bin\java.exe
0x00007ffc55160000 - 0x00007ffc55350000 	C:\WINDOWS\SYSTEM32\ntdll.dll
0x00007ffc54d50000 - 0x00007ffc54e02000 	C:\WINDOWS\System32\KERNEL32.DLL
0x00007ffc52330000 - 0x00007ffc525d4000 	C:\WINDOWS\System32\KERNELBASE.dll
0x00007ffc53000000 - 0x00007ffc530fa000 	C:\WINDOWS\System32\ucrtbase.dll
0x00007ffc44a90000 - 0x00007ffc44aa8000 	C:\Program Files\Java\jdk-11.0.11\bin\jli.dll
0x00007ffc44970000 - 0x00007ffc44985000 	C:\Program Files\Java\jdk-11.0.11\bin\VCRUNTIME140.dll
0x00007ffc53420000 - 0x00007ffc534c3000 	C:\WINDOWS\System32\ADVAPI32.dll
0x00007ffc53380000 - 0x00007ffc5341e000 	C:\WINDOWS\System32\msvcrt.dll
0x00007ffc53d10000 - 0x00007ffc53da7000 	C:\WINDOWS\System32\sechost.dll
0x00007ffc55000000 - 0x00007ffc55120000 	C:\WINDOWS\System32\RPCRT4.dll
0x00007ffc53980000 - 0x00007ffc53b14000 	C:\WINDOWS\System32\USER32.dll
0x00007ffc531b0000 - 0x00007ffc531d1000 	C:\WINDOWS\System32\win32u.dll
0x00007ffc32bd0000 - 0x00007ffc32e54000 	C:\WINDOWS\WinSxS\amd64_microsoft.windows.common-controls_6595b64144ccf1df_6.0.18362.900_none_e6beb9d913147d17\COMCTL32.dll
0x00007ffc53210000 - 0x00007ffc53236000 	C:\WINDOWS\System32\GDI32.dll
0x00007ffc52dc0000 - 0x00007ffc52f55000 	C:\WINDOWS\System32\gdi32full.dll
0x00007ffc53640000 - 0x00007ffc53975000 	C:\WINDOWS\System32\combase.dll
0x00007ffc52f60000 - 0x00007ffc52ffe000 	C:\WINDOWS\System32\msvcp_win.dll
0x00007ffc52160000 - 0x00007ffc521e0000 	C:\WINDOWS\System32\bcryptPrimitives.dll
0x00007ffc47f10000 - 0x00007ffc47f1a000 	C:\WINDOWS\SYSTEM32\VERSION.dll
0x00007ffc54e10000 - 0x00007ffc54e3e000 	C:\WINDOWS\System32\IMM32.DLL
0x00007ffc2cba0000 - 0x00007ffc2cc3b000 	C:\Program Files\Java\jdk-11.0.11\bin\msvcp140.dll
0x00007ffc16290000 - 0x00007ffc16d8e000 	C:\Program Files\Java\jdk-11.0.11\bin\server\jvm.dll
0x00007ffc54ea0000 - 0x00007ffc54ea8000 	C:\WINDOWS\System32\PSAPI.DLL
0x00007ffc40da0000 - 0x00007ffc40da9000 	C:\WINDOWS\SYSTEM32\WSOCK32.dll
0x00007ffc4f710000 - 0x00007ffc4f734000 	C:\WINDOWS\SYSTEM32\WINMM.dll
0x00007ffc54560000 - 0x00007ffc545cf000 	C:\WINDOWS\System32\WS2_32.dll
0x00007ffc4f6e0000 - 0x00007ffc4f70d000 	C:\WINDOWS\SYSTEM32\winmmbase.dll
0x00007ffc52110000 - 0x00007ffc5215a000 	C:\WINDOWS\System32\cfgmgr32.dll
0x00007ffc520d0000 - 0x00007ffc520e1000 	C:\WINDOWS\System32\kernel.appcore.dll
0x00007ffc4ae80000 - 0x00007ffc4ae90000 	C:\Program Files\Java\jdk-11.0.11\bin\verify.dll
0x00007ffc50a20000 - 0x00007ffc50c14000 	C:\WINDOWS\SYSTEM32\DBGHELP.DLL
0x00007ffc3b750000 - 0x00007ffc3b77a000 	C:\WINDOWS\SYSTEM32\dbgcore.DLL
0x00007ffc409a0000 - 0x00007ffc409c8000 	C:\Program Files\Java\jdk-11.0.11\bin\java.dll
0x00007ffc49c40000 - 0x00007ffc49c4a000 	C:\Program Files\Java\jdk-11.0.11\bin\jimage.dll
0x00007ffc44920000 - 0x00007ffc44936000 	C:\Program Files\Java\jdk-11.0.11\bin\zip.dll

dbghelp: loaded successfully - version: 4.0.5 - missing functions: none
symbol engine: initialized successfully - sym options: 0x614 - pdb path: .;C:\Program Files\Java\jdk-11.0.11\bin;C:\WINDOWS\SYSTEM32;C:\WINDOWS\WinSxS\amd64_microsoft.windows.common-controls_6595b64144ccf1df_6.0.18362.900_none_e6beb9d913147d17;C:\Program Files\Java\jdk-11.0.11\bin\server

VM Arguments:
java_command: C:\Users\Kolektor\AppData\Local\Temp\surefire16342119962143397496\surefirebooter17307133225275979879.jar C:\Users\Kolektor\AppData\Local\Temp\surefire16342119962143397496 2021-06-04T13-12-09_823-jvmRun1 surefire1199031412623754527tmp surefire_04922332002923180523tmp
java_class_path (initial): C:\Users\Kolektor\AppData\Local\Temp\surefire16342119962143397496\surefirebooter17307133225275979879.jar
Launcher Type: SUN_STANDARD

[Global flags]
     intx CICompilerCount                          = 4                                         {product} {ergonomic}
     uint ConcGCThreads                            = 2                                         {product} {ergonomic}
     uint G1ConcRefinementThreads                  = 8                                         {product} {ergonomic}
   size_t G1HeapRegionSize                         = 1048576                                   {product} {ergonomic}
    uintx GCDrainStackTargetSize                   = 64                                        {product} {ergonomic}
   size_t InitialHeapSize                          = 199229440                                 {product} {ergonomic}
   size_t MarkStackSize                            = 4194304                                   {product} {ergonomic}
   size_t MaxHeapSize                              = 3168796672                                {product} {ergonomic}
   size_t MinHeapDeltaBytes                        = 1048576                                   {product} {ergonomic}
    uintx NonNMethodCodeHeapSize                   = 5836300                                {pd product} {ergonomic}
    uintx NonProfiledCodeHeapSize                  = 122910970                              {pd product} {ergonomic}
    uintx ProfiledCodeHeapSize                     = 122910970                              {pd product} {ergonomic}
    uintx ReservedCodeCacheSize                    = 251658240                              {pd product} {ergonomic}
     bool SegmentedCodeCache                       = true                                      {product} {ergonomic}
     bool UseCompressedClassPointers               = true                                 {lp64_product} {ergonomic}
     bool UseCompressedOops                        = true                                 {lp64_product} {ergonomic}
     bool UseG1GC                                  = true                                      {product} {ergonomic}
     bool UseLargePagesIndividualAllocation        = false                                  {pd product} {ergonomic}

Logging:
Log output configuration:
 #0: stdout all=warning uptime,level,tags
 #1: stderr all=off uptime,level,tags

Environment Variables:
PATH=D:\app\Kolektor\product\18.0.0\dbhomeXE\bin;C:\Program Files\Common Files\Oracle\Java\javapath;C:\Program Files (x86)\Common Files\Oracle\Java\javapath;C:\Oracle\product\12.2.0\client_1;C:\Oracle\product\12.2.0\client_1\bin;C:\DevSuiteHome_1\jdk\jre\bin\classic;C:\DevSuiteHome_1\jdk\jre\bin;C:\DevSuiteHome_1\jdk\jre\bin\client;C:\DevSuiteHome_1\jlib;C:\DevSuiteHome_1\bin;C:\DevSuiteHome_1\jre\1.4.2\bin\client;C:\DevSuiteHome_1\jre\1.4.2\bin;C:\WINDOWS\system32;C:\WINDOWS;C:\WINDOWS\System32\Wbem;C:\WINDOWS\System32\WindowsPowerShell\v1.0\;C:\WINDOWS\System32\OpenSSH\;C:\Program Files\Git\cmd;C:\Apache\Maven\apache-maven-3.8.1\bin;C:\Users\Kolektor\AppData\Local\Microsoft\WindowsApps;
USERNAME=Kolektor
OS=Windows_NT
PROCESSOR_IDENTIFIER=Intel64 Family 6 Model 126 Stepping 5, GenuineIntel



---------------  S Y S T E M  ---------------

OS: Windows 10 , 64 bit Build 18362 (10.0.18362.900)

CPU:total 8 (initial active 8) (4 cores per cpu, 2 threads per core) family 6 model 126 stepping 5 microcode 0xa0, cmov, cx8, fxsr, mmx, sse, sse2, sse3, ssse3, sse4.1, sse4.2, popcnt, avx, avx2, aes, clmul, erms, 3dnowpref, lzcnt, ht, tsc, tscinvbit, bmi1, bmi2, adx, evex, sha, fma

Memory: 4k page, system-wide physical 12083M (3456M free)
TotalPageFile size 14018M (AvailPageFile size 119M)
current process WorkingSet (physical memory assigned to process): 9M, peak: 9M
current process commit charge ("private bytes"): 60M, peak: 250M

vm_info: Java HotSpot(TM) 64-Bit Server VM (11.0.11+9-LTS-194) for windows-amd64 JRE (11.0.11+9-LTS-194), built on Mar 18 2021 18:46:53 by "mach5one" with MS VC++ 15.9 (VS2017)

END.
